[debug] [2020-10-04T16:57:58.159Z] ----------------------------------------------------------------------
[debug] [2020-10-04T16:57:58.161Z] Command:       /usr/local/bin/node /usr/local/bin/firebase emulators:start
[debug] [2020-10-04T16:57:58.162Z] CLI Version:   8.11.2
[debug] [2020-10-04T16:57:58.162Z] Platform:      darwin
[debug] [2020-10-04T16:57:58.162Z] Node Version:  v12.18.3
[debug] [2020-10-04T16:57:58.163Z] Time:          Sun Oct 04 2020 12:57:58 GMT-0400 (Eastern Daylight Time)
[debug] [2020-10-04T16:57:58.164Z] ----------------------------------------------------------------------
[debug] [2020-10-04T16:57:58.164Z] 
[debug] [2020-10-04T16:57:58.172Z] > command requires scopes: ["email","openid","https://www.googleapis.com/auth/cloudplatformprojects.readonly","https://www.googleapis.com/auth/firebase","https://www.googleapis.com/auth/cloud-platform"]
[debug] [2020-10-04T16:57:58.172Z] > authorizing via signed-in user
[info] i  emulators: Starting emulators: functions, hosting {"metadata":{"emulator":{"name":"hub"},"message":"Starting emulators: functions, hosting"}}
[debug] [2020-10-04T16:57:58.216Z] [hub] writing locator at /var/folders/tp/zpp5xttd61g0pqghc2vxc7c80000gn/T/hub-clone-ea67e.json
[warn] ⚠  functions: The following emulators are not running, calls to these services from the Functions emulator will affect production: auth, firestore, database, pubsub {"metadata":{"emulator":{"name":"functions"},"message":"The following emulators are not running, calls to these services from the Functions emulator will affect production: \u001b[1mauth, firestore, database, pubsub\u001b[22m"}}
[warn] ⚠  Your requested "node" version "10" doesn't match your global version "12" {"metadata":{"emulator":{"name":"functions"},"message":"Your requested \"node\" version \"10\" doesn't match your global version \"12\""}}
[debug] [2020-10-04T16:57:58.263Z] defaultcredentials: writing to file /Users/admin/.config/firebase/timothymahr_gmail_com_application_default_credentials.json
[debug] [2020-10-04T16:57:58.271Z] Setting GAC to /Users/admin/.config/firebase/timothymahr_gmail_com_application_default_credentials.json {"metadata":{"emulator":{"name":"functions"},"message":"Setting GAC to /Users/admin/.config/firebase/timothymahr_gmail_com_application_default_credentials.json"}}
[debug] [2020-10-04T16:57:58.290Z] >>> HTTP REQUEST GET https://firebase.googleapis.com/v1beta1/projects/clone-ea67e/webApps/-/config  
 
[debug] [2020-10-04T16:57:59.078Z] <<< HTTP RESPONSE 200 {"content-type":"application/json; charset=UTF-8","vary":"X-Origin, Referer, Origin,Accept-Encoding","date":"Sun, 04 Oct 2020 16:57:58 GMT","server":"ESF","cache-control":"private","x-xss-protection":"0","x-frame-options":"SAMEORIGIN","x-content-type-options":"nosniff","alt-svc":"h3-Q050=\":443\"; ma=2592000,h3-29=\":443\"; ma=2592000,h3-27=\":443\"; ma=2592000,h3-T051=\":443\"; ma=2592000,h3-T050=\":443\"; ma=2592000,h3-Q046=\":443\"; ma=2592000,h3-Q043=\":443\"; ma=2592000,quic=\":443\"; ma=2592000; v=\"46,43\"","accept-ranges":"none","transfer-encoding":"chunked"}
[info] i  hosting: Serving hosting files from: build {"metadata":{"emulator":{"name":"hosting"},"message":"Serving hosting files from: \u001b[1mbuild\u001b[22m"}}
[info] ✔  hosting: Local server: http://localhost:5000 {"metadata":{"emulator":{"name":"hosting"},"message":"Local server: \u001b[4m\u001b[1mhttp://localhost:5000\u001b[22m\u001b[24m"}}
[debug] [2020-10-04T16:57:59.383Z] Ignoring unsupported arg: auto_download {"metadata":{"emulator":{"name":"ui"},"message":"Ignoring unsupported arg: auto_download"}}
[debug] [2020-10-04T16:57:59.383Z] Ignoring unsupported arg: port {"metadata":{"emulator":{"name":"ui"},"message":"Ignoring unsupported arg: port"}}
[debug] [2020-10-04T16:57:59.383Z] Starting Emulator UI with command {"binary":"node","args":["/Users/admin/.cache/firebase/emulators/ui-v1.1.1/server.bundle.js"],"optionalArgs":[],"joinArgs":false} {"metadata":{"emulator":{"name":"ui"},"message":"Starting Emulator UI with command {\"binary\":\"node\",\"args\":[\"/Users/admin/.cache/firebase/emulators/ui-v1.1.1/server.bundle.js\"],\"optionalArgs\":[],\"joinArgs\":false}"}}
[info] i  ui: Emulator UI logging to ui-debug.log {"metadata":{"emulator":{"name":"ui"},"message":"Emulator UI logging to \u001b[1mui-debug.log\u001b[22m"}}
[debug] [2020-10-04T16:57:59.616Z] Web / API server started at http://localhost:4000
 {"metadata":{"emulator":{"name":"ui"},"message":"Web / API server started at http://localhost:4000\n"}}
[info] i  functions: Watching "/Users/admin/amazon-clone/functions" for Cloud Functions... {"metadata":{"emulator":{"name":"functions"},"message":"Watching \"/Users/admin/amazon-clone/functions\" for Cloud Functions..."}}
[debug] [2020-10-04T16:57:59.665Z] [worker-pool] addWorker(~diagnostic~) {"metadata":{"emulator":{"name":"functions"},"message":"[worker-pool] addWorker(~diagnostic~)"}}
[debug] [2020-10-04T16:57:59.665Z] [worker-pool] Adding worker with key ~diagnostic~, total=1 {"metadata":{"emulator":{"name":"functions"},"message":"[worker-pool] Adding worker with key ~diagnostic~, total=1"}}
[debug] [2020-10-04T16:57:59.665Z] [worker-pool] submitWork(triggerId=) {"metadata":{"emulator":{"name":"functions"},"message":"[worker-pool] submitWork(triggerId=)"}}
[debug] [2020-10-04T16:57:59.666Z] [worker-~diagnostic~-5da364bb-099c-4889-9c88-8dbff7f19d6b]: Assigning socketPath: /var/folders/tp/zpp5xttd61g0pqghc2vxc7c80000gn/T/fire_emu_1854.sock {"metadata":{"emulator":{"name":"functions"},"message":"[worker-~diagnostic~-5da364bb-099c-4889-9c88-8dbff7f19d6b]: Assigning socketPath: /var/folders/tp/zpp5xttd61g0pqghc2vxc7c80000gn/T/fire_emu_1854.sock"}}
[debug] [2020-10-04T16:57:59.666Z] [worker-~diagnostic~-5da364bb-099c-4889-9c88-8dbff7f19d6b]: BUSY {"metadata":{"emulator":{"name":"functions"},"message":"[worker-~diagnostic~-5da364bb-099c-4889-9c88-8dbff7f19d6b]: BUSY"}}
[debug] [2020-10-04T16:58:00.218Z] [runtime-status] [1854] Functions runtime initialized. {"cwd":"/Users/admin/amazon-clone/functions","node_version":"12.18.3"} {"metadata":{"emulator":{"name":"functions"},"message":"[runtime-status] [1854] Functions runtime initialized. {\"cwd\":\"/Users/admin/amazon-clone/functions\",\"node_version\":\"12.18.3\"}"}}
[debug] [2020-10-04T16:58:00.222Z] [runtime-status] [1854] Disabled runtime features: undefined {"metadata":{"emulator":{"name":"functions"},"message":"[runtime-status] [1854] Disabled runtime features: undefined"}}
[debug] [2020-10-04T16:58:00.226Z] [runtime-status] [1854] Resolved module firebase-admin {"declared":true,"installed":true,"version":"8.13.0","resolution":"/Users/admin/amazon-clone/functions/node_modules/firebase-admin/lib/index.js"} {"metadata":{"emulator":{"name":"functions"},"message":"[runtime-status] [1854] Resolved module firebase-admin {\"declared\":true,\"installed\":true,\"version\":\"8.13.0\",\"resolution\":\"/Users/admin/amazon-clone/functions/node_modules/firebase-admin/lib/index.js\"}"}}
[debug] [2020-10-04T16:58:00.228Z] [runtime-status] [1854] Resolved module firebase-functions {"declared":true,"installed":true,"version":"3.11.0","resolution":"/Users/admin/amazon-clone/functions/node_modules/firebase-functions/lib/index.js"} {"metadata":{"emulator":{"name":"functions"},"message":"[runtime-status] [1854] Resolved module firebase-functions {\"declared\":true,\"installed\":true,\"version\":\"3.11.0\",\"resolution\":\"/Users/admin/amazon-clone/functions/node_modules/firebase-functions/lib/index.js\"}"}}
[debug] [2020-10-04T16:58:00.230Z] [runtime-status] [1854] Resolved module firebase-functions {"declared":true,"installed":true,"version":"3.11.0","resolution":"/Users/admin/amazon-clone/functions/node_modules/firebase-functions/lib/index.js"} {"metadata":{"emulator":{"name":"functions"},"message":"[runtime-status] [1854] Resolved module firebase-functions {\"declared\":true,\"installed\":true,\"version\":\"3.11.0\",\"resolution\":\"/Users/admin/amazon-clone/functions/node_modules/firebase-functions/lib/index.js\"}"}}
[debug] [2020-10-04T16:58:00.233Z] [runtime-status] [1854] Outgoing network have been stubbed. [{"name":"http","status":"mocked"},{"name":"http","status":"mocked"},{"name":"https","status":"mocked"},{"name":"https","status":"mocked"},{"name":"net","status":"mocked"}] {"metadata":{"emulator":{"name":"functions"},"message":"[runtime-status] [1854] Outgoing network have been stubbed. [{\"name\":\"http\",\"status\":\"mocked\"},{\"name\":\"http\",\"status\":\"mocked\"},{\"name\":\"https\",\"status\":\"mocked\"},{\"name\":\"https\",\"status\":\"mocked\"},{\"name\":\"net\",\"status\":\"mocked\"}]"}}
[debug] [2020-10-04T16:58:00.240Z] [runtime-status] [1854] Resolved module firebase-functions {"declared":true,"installed":true,"version":"3.11.0","resolution":"/Users/admin/amazon-clone/functions/node_modules/firebase-functions/lib/index.js"} {"metadata":{"emulator":{"name":"functions"},"message":"[runtime-status] [1854] Resolved module firebase-functions {\"declared\":true,\"installed\":true,\"version\":\"3.11.0\",\"resolution\":\"/Users/admin/amazon-clone/functions/node_modules/firebase-functions/lib/index.js\"}"}}
[debug] [2020-10-04T16:58:00.324Z] [runtime-status] [1854] Checked functions.config() {"config":{}} {"metadata":{"emulator":{"name":"functions"},"message":"[runtime-status] [1854] Checked functions.config() {\"config\":{}}"}}
[debug] [2020-10-04T16:58:00.325Z] [runtime-status] [1854] firebase-functions has been stubbed. {"functionsResolution":{"declared":true,"installed":true,"version":"3.11.0","resolution":"/Users/admin/amazon-clone/functions/node_modules/firebase-functions/lib/index.js"}} {"metadata":{"emulator":{"name":"functions"},"message":"[runtime-status] [1854] firebase-functions has been stubbed. {\"functionsResolution\":{\"declared\":true,\"installed\":true,\"version\":\"3.11.0\",\"resolution\":\"/Users/admin/amazon-clone/functions/node_modules/firebase-functions/lib/index.js\"}}"}}
[debug] [2020-10-04T16:58:00.326Z] [runtime-status] [1854] Resolved module firebase-functions {"declared":true,"installed":true,"version":"3.11.0","resolution":"/Users/admin/amazon-clone/functions/node_modules/firebase-functions/lib/index.js"} {"metadata":{"emulator":{"name":"functions"},"message":"[runtime-status] [1854] Resolved module firebase-functions {\"declared\":true,\"installed\":true,\"version\":\"3.11.0\",\"resolution\":\"/Users/admin/amazon-clone/functions/node_modules/firebase-functions/lib/index.js\"}"}}
[debug] [2020-10-04T16:58:00.327Z] [runtime-status] [1854] Resolved module firebase-admin {"declared":true,"installed":true,"version":"8.13.0","resolution":"/Users/admin/amazon-clone/functions/node_modules/firebase-admin/lib/index.js"} {"metadata":{"emulator":{"name":"functions"},"message":"[runtime-status] [1854] Resolved module firebase-admin {\"declared\":true,\"installed\":true,\"version\":\"8.13.0\",\"resolution\":\"/Users/admin/amazon-clone/functions/node_modules/firebase-admin/lib/index.js\"}"}}
[debug] [2020-10-04T16:58:00.328Z] [runtime-status] [1854] Resolved module firebase-functions {"declared":true,"installed":true,"version":"3.11.0","resolution":"/Users/admin/amazon-clone/functions/node_modules/firebase-functions/lib/index.js"} {"metadata":{"emulator":{"name":"functions"},"message":"[runtime-status] [1854] Resolved module firebase-functions {\"declared\":true,\"installed\":true,\"version\":\"3.11.0\",\"resolution\":\"/Users/admin/amazon-clone/functions/node_modules/firebase-functions/lib/index.js\"}"}}
[debug] [2020-10-04T16:58:00.328Z] [runtime-status] [1854] firebase-admin has been stubbed. {"adminResolution":{"declared":true,"installed":true,"version":"8.13.0","resolution":"/Users/admin/amazon-clone/functions/node_modules/firebase-admin/lib/index.js"}} {"metadata":{"emulator":{"name":"functions"},"message":"[runtime-status] [1854] firebase-admin has been stubbed. {\"adminResolution\":{\"declared\":true,\"installed\":true,\"version\":\"8.13.0\",\"resolution\":\"/Users/admin/amazon-clone/functions/node_modules/firebase-admin/lib/index.js\"}}"}}
[warn] ⚠  Error: Cannot find module 'stripe'
Require stack:
- /Users/admin/amazon-clone/functions/index.js
- /usr/local/lib/node_modules/firebase-tools/lib/emulator/functionsEmulatorRuntime.js
    at Function.Module._resolveFilename (internal/modules/cjs/loader.js:965:15)
    at Function.Module._load (internal/modules/cjs/loader.js:841:27)
    at Module.require (internal/modules/cjs/loader.js:1025:19)
    at require (internal/modules/cjs/helpers.js:72:18)
    at Object.<anonymous> (/Users/admin/amazon-clone/functions/index.js:4:16)
    at Module._compile (internal/modules/cjs/loader.js:1137:30)
    at Object.Module._extensions..js (internal/modules/cjs/loader.js:1157:10)
    at Module.load (internal/modules/cjs/loader.js:985:32)
    at Function.Module._load (internal/modules/cjs/loader.js:878:14)
    at Module.require (internal/modules/cjs/loader.js:1025:19) {"metadata":{"emulator":{"name":"functions"},"message":"Error: Cannot find module 'stripe'\nRequire stack:\n- /Users/admin/amazon-clone/functions/index.js\n- /usr/local/lib/node_modules/firebase-tools/lib/emulator/functionsEmulatorRuntime.js\n    at Function.Module._resolveFilename (internal/modules/cjs/loader.js:965:15)\n    at Function.Module._load (internal/modules/cjs/loader.js:841:27)\n    at Module.require (internal/modules/cjs/loader.js:1025:19)\n    at require (internal/modules/cjs/helpers.js:72:18)\n    at Object.<anonymous> (/Users/admin/amazon-clone/functions/index.js:4:16)\n    at Module._compile (internal/modules/cjs/loader.js:1137:30)\n    at Object.Module._extensions..js (internal/modules/cjs/loader.js:1157:10)\n    at Module.load (internal/modules/cjs/loader.js:985:32)\n    at Function.Module._load (internal/modules/cjs/loader.js:878:14)\n    at Module.require (internal/modules/cjs/loader.js:1025:19)"}}
[warn] ⚠  We were unable to load your functions code. (see above) {"metadata":{"emulator":{"name":"functions"}}}
[debug] [2020-10-04T16:58:00.532Z] [worker-~diagnostic~-5da364bb-099c-4889-9c88-8dbff7f19d6b]: exited {"metadata":{"emulator":{"name":"functions"},"message":"[worker-~diagnostic~-5da364bb-099c-4889-9c88-8dbff7f19d6b]: exited"}}
[debug] [2020-10-04T16:58:00.533Z] [worker-~diagnostic~-5da364bb-099c-4889-9c88-8dbff7f19d6b]: FINISHED {"metadata":{"emulator":{"name":"functions"},"message":"[worker-~diagnostic~-5da364bb-099c-4889-9c88-8dbff7f19d6b]: FINISHED"}}
[debug] [2020-10-04T16:59:11.384Z] File /Users/admin/amazon-clone/functions/index.js changed, reloading triggers {"metadata":{"emulator":{"name":"functions"},"message":"File /Users/admin/amazon-clone/functions/index.js changed, reloading triggers"}}
[debug] [2020-10-04T16:59:12.390Z] [worker-pool] Cleaned up workers for ~diagnostic~: 1 --> 0 {"metadata":{"emulator":{"name":"functions"},"message":"[worker-pool] Cleaned up workers for ~diagnostic~: 1 --> 0"}}
[debug] [2020-10-04T16:59:12.397Z] [worker-pool] addWorker(~diagnostic~) {"metadata":{"emulator":{"name":"functions"},"message":"[worker-pool] addWorker(~diagnostic~)"}}
[debug] [2020-10-04T16:59:12.397Z] [worker-pool] Adding worker with key ~diagnostic~, total=1 {"metadata":{"emulator":{"name":"functions"},"message":"[worker-pool] Adding worker with key ~diagnostic~, total=1"}}
[debug] [2020-10-04T16:59:12.398Z] [worker-pool] submitWork(triggerId=) {"metadata":{"emulator":{"name":"functions"},"message":"[worker-pool] submitWork(triggerId=)"}}
[debug] [2020-10-04T16:59:12.398Z] [worker-~diagnostic~-de03bb63-decf-4127-a0c0-7b84ee3e700a]: Assigning socketPath: /var/folders/tp/zpp5xttd61g0pqghc2vxc7c80000gn/T/fire_emu_1858.sock {"metadata":{"emulator":{"name":"functions"},"message":"[worker-~diagnostic~-de03bb63-decf-4127-a0c0-7b84ee3e700a]: Assigning socketPath: /var/folders/tp/zpp5xttd61g0pqghc2vxc7c80000gn/T/fire_emu_1858.sock"}}
[debug] [2020-10-04T16:59:12.398Z] [worker-~diagnostic~-de03bb63-decf-4127-a0c0-7b84ee3e700a]: BUSY {"metadata":{"emulator":{"name":"functions"},"message":"[worker-~diagnostic~-de03bb63-decf-4127-a0c0-7b84ee3e700a]: BUSY"}}
[debug] [2020-10-04T16:59:13.004Z] [runtime-status] [1858] Functions runtime initialized. {"cwd":"/Users/admin/amazon-clone/functions","node_version":"12.18.3"} {"metadata":{"emulator":{"name":"functions"},"message":"[runtime-status] [1858] Functions runtime initialized. {\"cwd\":\"/Users/admin/amazon-clone/functions\",\"node_version\":\"12.18.3\"}"}}
[debug] [2020-10-04T16:59:13.021Z] [runtime-status] [1858] Disabled runtime features: undefined {"metadata":{"emulator":{"name":"functions"},"message":"[runtime-status] [1858] Disabled runtime features: undefined"}}
[debug] [2020-10-04T16:59:13.033Z] [runtime-status] [1858] Resolved module firebase-admin {"declared":true,"installed":true,"version":"8.13.0","resolution":"/Users/admin/amazon-clone/functions/node_modules/firebase-admin/lib/index.js"} {"metadata":{"emulator":{"name":"functions"},"message":"[runtime-status] [1858] Resolved module firebase-admin {\"declared\":true,\"installed\":true,\"version\":\"8.13.0\",\"resolution\":\"/Users/admin/amazon-clone/functions/node_modules/firebase-admin/lib/index.js\"}"}}
[debug] [2020-10-04T16:59:13.035Z] [runtime-status] [1858] Resolved module firebase-functions {"declared":true,"installed":true,"version":"3.11.0","resolution":"/Users/admin/amazon-clone/functions/node_modules/firebase-functions/lib/index.js"} {"metadata":{"emulator":{"name":"functions"},"message":"[runtime-status] [1858] Resolved module firebase-functions {\"declared\":true,\"installed\":true,\"version\":\"3.11.0\",\"resolution\":\"/Users/admin/amazon-clone/functions/node_modules/firebase-functions/lib/index.js\"}"}}
[debug] [2020-10-04T16:59:13.036Z] [runtime-status] [1858] Resolved module firebase-functions {"declared":true,"installed":true,"version":"3.11.0","resolution":"/Users/admin/amazon-clone/functions/node_modules/firebase-functions/lib/index.js"} {"metadata":{"emulator":{"name":"functions"},"message":"[runtime-status] [1858] Resolved module firebase-functions {\"declared\":true,\"installed\":true,\"version\":\"3.11.0\",\"resolution\":\"/Users/admin/amazon-clone/functions/node_modules/firebase-functions/lib/index.js\"}"}}
[debug] [2020-10-04T16:59:13.041Z] [runtime-status] [1858] Outgoing network have been stubbed. [{"name":"http","status":"mocked"},{"name":"http","status":"mocked"},{"name":"https","status":"mocked"},{"name":"https","status":"mocked"},{"name":"net","status":"mocked"}] {"metadata":{"emulator":{"name":"functions"},"message":"[runtime-status] [1858] Outgoing network have been stubbed. [{\"name\":\"http\",\"status\":\"mocked\"},{\"name\":\"http\",\"status\":\"mocked\"},{\"name\":\"https\",\"status\":\"mocked\"},{\"name\":\"https\",\"status\":\"mocked\"},{\"name\":\"net\",\"status\":\"mocked\"}]"}}
[debug] [2020-10-04T16:59:13.042Z] [runtime-status] [1858] Resolved module firebase-functions {"declared":true,"installed":true,"version":"3.11.0","resolution":"/Users/admin/amazon-clone/functions/node_modules/firebase-functions/lib/index.js"} {"metadata":{"emulator":{"name":"functions"},"message":"[runtime-status] [1858] Resolved module firebase-functions {\"declared\":true,\"installed\":true,\"version\":\"3.11.0\",\"resolution\":\"/Users/admin/amazon-clone/functions/node_modules/firebase-functions/lib/index.js\"}"}}
[debug] [2020-10-04T16:59:13.109Z] [runtime-status] [1858] Checked functions.config() {"config":{}} {"metadata":{"emulator":{"name":"functions"},"message":"[runtime-status] [1858] Checked functions.config() {\"config\":{}}"}}
[debug] [2020-10-04T16:59:13.110Z] [runtime-status] [1858] firebase-functions has been stubbed. {"functionsResolution":{"declared":true,"installed":true,"version":"3.11.0","resolution":"/Users/admin/amazon-clone/functions/node_modules/firebase-functions/lib/index.js"}} {"metadata":{"emulator":{"name":"functions"},"message":"[runtime-status] [1858] firebase-functions has been stubbed. {\"functionsResolution\":{\"declared\":true,\"installed\":true,\"version\":\"3.11.0\",\"resolution\":\"/Users/admin/amazon-clone/functions/node_modules/firebase-functions/lib/index.js\"}}"}}
[debug] [2020-10-04T16:59:13.116Z] [runtime-status] [1858] Resolved module firebase-functions {"declared":true,"installed":true,"version":"3.11.0","resolution":"/Users/admin/amazon-clone/functions/node_modules/firebase-functions/lib/index.js"} {"metadata":{"emulator":{"name":"functions"},"message":"[runtime-status] [1858] Resolved module firebase-functions {\"declared\":true,\"installed\":true,\"version\":\"3.11.0\",\"resolution\":\"/Users/admin/amazon-clone/functions/node_modules/firebase-functions/lib/index.js\"}"}}
[debug] [2020-10-04T16:59:13.117Z] [runtime-status] [1858] Resolved module firebase-admin {"declared":true,"installed":true,"version":"8.13.0","resolution":"/Users/admin/amazon-clone/functions/node_modules/firebase-admin/lib/index.js"} {"metadata":{"emulator":{"name":"functions"},"message":"[runtime-status] [1858] Resolved module firebase-admin {\"declared\":true,\"installed\":true,\"version\":\"8.13.0\",\"resolution\":\"/Users/admin/amazon-clone/functions/node_modules/firebase-admin/lib/index.js\"}"}}
[debug] [2020-10-04T16:59:13.119Z] [runtime-status] [1858] Resolved module firebase-functions {"declared":true,"installed":true,"version":"3.11.0","resolution":"/Users/admin/amazon-clone/functions/node_modules/firebase-functions/lib/index.js"} {"metadata":{"emulator":{"name":"functions"},"message":"[runtime-status] [1858] Resolved module firebase-functions {\"declared\":true,\"installed\":true,\"version\":\"3.11.0\",\"resolution\":\"/Users/admin/amazon-clone/functions/node_modules/firebase-functions/lib/index.js\"}"}}
[debug] [2020-10-04T16:59:13.121Z] [runtime-status] [1858] firebase-admin has been stubbed. {"adminResolution":{"declared":true,"installed":true,"version":"8.13.0","resolution":"/Users/admin/amazon-clone/functions/node_modules/firebase-admin/lib/index.js"}} {"metadata":{"emulator":{"name":"functions"},"message":"[runtime-status] [1858] firebase-admin has been stubbed. {\"adminResolution\":{\"declared\":true,\"installed\":true,\"version\":\"8.13.0\",\"resolution\":\"/Users/admin/amazon-clone/functions/node_modules/firebase-admin/lib/index.js\"}}"}}
[warn] ⚠  Error: Cannot find module 'stripe'
Require stack:
- /Users/admin/amazon-clone/functions/index.js
- /usr/local/lib/node_modules/firebase-tools/lib/emulator/functionsEmulatorRuntime.js
    at Function.Module._resolveFilename (internal/modules/cjs/loader.js:965:15)
    at Function.Module._load (internal/modules/cjs/loader.js:841:27)
    at Module.require (internal/modules/cjs/loader.js:1025:19)
    at require (internal/modules/cjs/helpers.js:72:18)
    at Object.<anonymous> (/Users/admin/amazon-clone/functions/index.js:5:16)
    at Module._compile (internal/modules/cjs/loader.js:1137:30)
    at Object.Module._extensions..js (internal/modules/cjs/loader.js:1157:10)
    at Module.load (internal/modules/cjs/loader.js:985:32)
    at Function.Module._load (internal/modules/cjs/loader.js:878:14)
    at Module.require (internal/modules/cjs/loader.js:1025:19) {"metadata":{"emulator":{"name":"functions"},"message":"Error: Cannot find module 'stripe'\nRequire stack:\n- /Users/admin/amazon-clone/functions/index.js\n- /usr/local/lib/node_modules/firebase-tools/lib/emulator/functionsEmulatorRuntime.js\n    at Function.Module._resolveFilename (internal/modules/cjs/loader.js:965:15)\n    at Function.Module._load (internal/modules/cjs/loader.js:841:27)\n    at Module.require (internal/modules/cjs/loader.js:1025:19)\n    at require (internal/modules/cjs/helpers.js:72:18)\n    at Object.<anonymous> (/Users/admin/amazon-clone/functions/index.js:5:16)\n    at Module._compile (internal/modules/cjs/loader.js:1137:30)\n    at Object.Module._extensions..js (internal/modules/cjs/loader.js:1157:10)\n    at Module.load (internal/modules/cjs/loader.js:985:32)\n    at Function.Module._load (internal/modules/cjs/loader.js:878:14)\n    at Module.require (internal/modules/cjs/loader.js:1025:19)"}}
[warn] ⚠  We were unable to load your functions code. (see above) {"metadata":{"emulator":{"name":"functions"}}}
[debug] [2020-10-04T16:59:13.272Z] [worker-~diagnostic~-de03bb63-decf-4127-a0c0-7b84ee3e700a]: exited {"metadata":{"emulator":{"name":"functions"},"message":"[worker-~diagnostic~-de03bb63-decf-4127-a0c0-7b84ee3e700a]: exited"}}
[debug] [2020-10-04T16:59:13.273Z] [worker-~diagnostic~-de03bb63-decf-4127-a0c0-7b84ee3e700a]: FINISHED {"metadata":{"emulator":{"name":"functions"},"message":"[worker-~diagnostic~-de03bb63-decf-4127-a0c0-7b84ee3e700a]: FINISHED"}}
[debug] [2020-10-04T16:59:44.554Z] [work-queue] {"queueLength":1,"workRunningCount":0}
[debug] [2020-10-04T16:59:44.555Z] [work-queue] {"queueLength":0,"workRunningCount":1}
[debug] [2020-10-04T16:59:44.556Z] FirebaseError: No trigger with name api {"metadata":{"emulator":{"name":"functions"},"message":{"name":"FirebaseError","children":[],"exit":1,"message":"No trigger with name api","status":500}}}
[debug] [2020-10-04T16:59:44.556Z] [work-queue] {"queueLength":0,"workRunningCount":0}
